Y:\HGUI\HGUI_2010\HGUI\RELEASE\AUTOCONTROL.OBJ
Y:\HGui\HGui_2010\HGui\Release\cl.command.1.tlog
Y:\HGui\HGui_2010\HGui\Release\CL.read.1.tlog
Y:\HGui\HGui_2010\HGui\Release\CL.write.1.tlog
Y:\HGUI\HGUI_2010\HGUI\RELEASE\HGUI.EXE.INTERMEDIATE.MANIFEST
Y:\HGUI\HGUI_2010\HGUI\RELEASE\HGUI.OBJ
Y:\HGUI\HGUI_2010\HGUI\RELEASE\HGUI.PCH
Y:\HGUI\HGUI_2010\HGUI\RELEASE\HGUI.RES
Y:\HGUI\HGUI_2010\HGUI\RELEASE\HGUIDLG.OBJ
Y:\HGUI\HGUI_2010\HGUI\RELEASE\JSDLG.OBJ
Y:\HGUI\HGUI_2010\HGUI\RELEASE\JSON_READER.OBJ
Y:\HGUI\HGUI_2010\HGUI\RELEASE\JSON_VALUE.OBJ
Y:\HGUI\HGUI_2010\HGUI\RELEASE\JSON_WRITER.OBJ
Y:\HGui\HGui_2010\HGui\Release\link.command.1.tlog
Y:\HGui\HGui_2010\HGui\Release\link.read.1.tlog
Y:\HGui\HGui_2010\HGui\Release\link.write.1.tlog
Y:\HGui\HGui_2010\HGui\Release\link-cvtres.read.1.tlog
Y:\HGui\HGui_2010\HGui\Release\link-cvtres.write.1.tlog
Y:\HGui\HGui_2010\HGui\Release\mt.command.1.tlog
Y:\HGui\HGui_2010\HGui\Release\mt.read.1.tlog
Y:\HGui\HGui_2010\HGui\Release\mt.write.1.tlog
Y:\HGui\HGui_2010\HGui\Release\rc.command.1.tlog
Y:\HGui\HGui_2010\HGui\Release\rc.read.1.tlog
Y:\HGui\HGui_2010\HGui\Release\rc.write.1.tlog
Y:\HGUI\HGUI_2010\HGUI\RELEASE\STDAFX.OBJ
Y:\HGUI\HGUI_2010\HGUI\RELEASE\VC100.PDB
Y:\HGUI\HGUI_2010\RELEASE\HGUI.EXE
Y:\HGUI\HGUI_2010\RELEASE\HGUI.PDB
